[2024-05-04T05:50:40.582+0000] {local_task_job_runner.py:120} INFO - ::group::Pre task execution logs
[2024-05-04T05:50:40.637+0000] {taskinstance.py:2073} INFO - Dependencies all met for dep_context=non-requeueable deps ti=<TaskInstance: wikipedia_flow.write_wikipedia_data manual__2024-05-04T05:41:49.256454+00:00 [queued]>
[2024-05-04T05:50:40.644+0000] {taskinstance.py:2073} INFO - Dependencies all met for dep_context=requeueable deps ti=<TaskInstance: wikipedia_flow.write_wikipedia_data manual__2024-05-04T05:41:49.256454+00:00 [queued]>
[2024-05-04T05:50:40.644+0000] {taskinstance.py:2303} INFO - Starting attempt 1 of 1
[2024-05-04T05:50:40.658+0000] {taskinstance.py:2327} INFO - Executing <Task(PythonOperator): write_wikipedia_data> on 2024-05-04 05:41:49.256454+00:00
[2024-05-04T05:50:40.663+0000] {standard_task_runner.py:63} INFO - Started process 1871 to run task
[2024-05-04T05:50:40.666+0000] {standard_task_runner.py:90} INFO - Running: ['***', 'tasks', 'run', 'wikipedia_flow', 'write_wikipedia_data', 'manual__2024-05-04T05:41:49.256454+00:00', '--job-id', '22', '--raw', '--subdir', 'DAGS_FOLDER/wikipedia_flow.py', '--cfg-path', '/tmp/tmp2l92nrsr']
[2024-05-04T05:50:40.667+0000] {standard_task_runner.py:91} INFO - Job 22: Subtask write_wikipedia_data
[2024-05-04T05:50:40.712+0000] {task_command.py:426} INFO - Running <TaskInstance: wikipedia_flow.write_wikipedia_data manual__2024-05-04T05:41:49.256454+00:00 [running]> on host ac73955389ba
[2024-05-04T05:50:40.879+0000] {taskinstance.py:2644} INFO - Exporting env vars: AIRFLOW_CTX_DAG_OWNER='Minh Tran' AIRFLOW_CTX_DAG_ID='wikipedia_flow' AIRFLOW_CTX_TASK_ID='write_wikipedia_data' AIRFLOW_CTX_EXECUTION_DATE='2024-05-04T05:41:49.256454+00:00' AIRFLOW_CTX_TRY_NUMBER='1' AIRFLOW_CTX_DAG_RUN_ID='manual__2024-05-04T05:41:49.256454+00:00'
[2024-05-04T05:50:40.880+0000] {taskinstance.py:430} INFO - ::endgroup::
[2024-05-04T05:50:40.990+0000] {_universal.py:511} INFO - Request URL: 'https://minhfootballproject.blob.core.windows.net/footballdataeng/data/stadium_cleaned_2024-05-04_05_50_40.975509.csv'
Request method: 'PUT'
Request headers:
    'Content-Length': '99758'
    'x-ms-blob-type': 'REDACTED'
    'x-ms-version': 'REDACTED'
    'Content-Type': 'application/octet-stream'
    'Accept': 'application/xml'
    'User-Agent': 'azsdk-python-storage-blob/12.19.1 Python/3.9.16 (Linux-6.5.0-28-generic-x86_64-with-glibc2.31)'
    'x-ms-date': 'REDACTED'
    'x-ms-client-request-id': '3d6dc3bc-09da-11ef-a146-0242ac130004'
    'Authorization': 'REDACTED'
A body is sent with the request
[2024-05-04T05:50:41.371+0000] {_universal.py:550} INFO - Response status: 201
Response headers:
    'Content-Length': '0'
    'Content-MD5': 'REDACTED'
    'Last-Modified': 'Sat, 04 May 2024 05:50:41 GMT'
    'ETag': '"0x8DC6BFE21D45E9F"'
    'Server': 'Windows-Azure-Blob/1.0 Microsoft-HTTPAPI/2.0'
    'x-ms-request-id': '5393acdb-b01e-0010-64e6-9d263a000000'
    'x-ms-client-request-id': '3d6dc3bc-09da-11ef-a146-0242ac130004'
    'x-ms-version': 'REDACTED'
    'x-ms-content-crc64': 'REDACTED'
    'x-ms-request-server-encrypted': 'REDACTED'
    'Date': 'Sat, 04 May 2024 05:50:40 GMT'
[2024-05-04T05:50:41.372+0000] {python.py:237} INFO - Done. Returned value was: None
[2024-05-04T05:50:41.373+0000] {taskinstance.py:441} INFO - ::group::Post task execution logs
[2024-05-04T05:50:41.385+0000] {taskinstance.py:1205} INFO - Marking task as SUCCESS. dag_id=wikipedia_flow, task_id=write_wikipedia_data, execution_date=20240504T054149, start_date=20240504T055040, end_date=20240504T055041
[2024-05-04T05:50:41.440+0000] {local_task_job_runner.py:240} INFO - Task exited with return code 0
[2024-05-04T05:50:41.456+0000] {taskinstance.py:3482} INFO - 0 downstream tasks scheduled from follow-on schedule check
[2024-05-04T05:50:41.458+0000] {local_task_job_runner.py:222} INFO - ::endgroup::
